Программа запущена
Создан сокет - 4
Соединение прошло успешно 4
Создался pipe с pipe_fd[0](для чтения): '5' и pipe_fd[1](для записи): 6
Создался epoll c fd: 7
Сокет добавлен в epoll fd=4
Создался fork(программа разветлилась)
Сервер прислал сообщение
Пришло сообщение - Добро пожаловать в чатик,гость. Назови себя:
Сообщение 'Маша' отправлено
Сервер прислал сообщение
Пришло сообщение - В чате сейчас пусто
Сообщение 'Привет' отправлено
Сервер прислал сообщение
Пришло сообщение - В чате сейчас пусто
Сервер прислал сообщение
Пришло сообщение - Андрей>> Йоу
Сообщение 'Йоу' отправлено
Сервер прислал сообщение
Пришло сообщение - Спасибо,теперь это ваш ник - Йоу
Сервер прислал сообщение
Сервер закрыл соединение
Отключился родительский поток
